[h5p.org/h5p/embed/868240.html]
[backblue.gif]
[fade.gif]
[index.html]
[h5p.org/sites/all/modules/h5p/library/js/jquery5434.js]
[h5p.org/sites/all/modules/h5p/library/js/h5p5434.js]
[h5p.org/sites/all/modules/h5p/library/js/h5p-event-dispatcher5434.js]
[h5p.org/sites/all/modules/h5p/library/js/h5p-x-api-event5434.js]
[h5p.org/sites/all/modules/h5p/library/js/h5p-x-api5434.js]
[h5p.org/sites/all/modules/h5p/library/js/h5p-content-type5434.js]
[h5p.org/sites/all/modules/h5p/library/js/h5p-confirmation-dialog5434.js]
[h5p.org/sites/all/modules/h5p/library/js/h5p-action-bar5434.js]
[h5p.org/sites/all/modules/h5p/library/js/request-queue5434.js]
[h5p.org/sites/default/files/h5p/libraries/H5P.Transition-1.0/transition4b68.js]
[h5p.org/sites/default/files/h5p/libraries/Tether-1.0/scripts/tether.min20b9.js]
[h5p.org/sites/default/files/h5p/libraries/Drop-1.0/js/drop.min20b9.js]
[h5p.org/sites/default/files/h5p/libraries/H5P.JoubelUI-1.3/js/joubel-help-dialogd36b.js]
[h5p.org/sites/default/files/h5p/libraries/H5P.JoubelUI-1.3/js/joubel-message-dialogd36b.js]
[h5p.org/sites/default/files/h5p/libraries/H5P.JoubelUI-1.3/js/joubel-progress-circled36b.js]
[h5p.org/sites/default/files/h5p/libraries/H5P.JoubelUI-1.3/js/joubel-simple-rounded-buttond36b.js]
[h5p.org/sites/default/files/h5p/libraries/H5P.JoubelUI-1.3/js/joubel-speech-bubbled36b.js]
[h5p.org/sites/default/files/h5p/libraries/H5P.JoubelUI-1.3/js/joubel-throbberd36b.js]
[h5p.org/sites/default/files/h5p/libraries/H5P.JoubelUI-1.3/js/joubel-tipd36b.js]
[h5p.org/sites/default/files/h5p/libraries/H5P.JoubelUI-1.3/js/joubel-sliderd36b.js]
[h5p.org/sites/default/files/h5p/libraries/H5P.JoubelUI-1.3/js/joubel-score-bard36b.js]
[h5p.org/sites/default/files/h5p/libraries/H5P.JoubelUI-1.3/js/joubel-progressbard36b.js]
[h5p.org/sites/default/files/h5p/libraries/H5P.JoubelUI-1.3/js/joubel-uid36b.js]
[h5p.org/sites/default/files/h5p/libraries/H5P.Question-1.4/scripts/question5f04.js]
[h5p.org/sites/default/files/h5p/libraries/H5P.Question-1.4/scripts/explainer5f04.js]
[h5p.org/sites/default/files/h5p/libraries/H5P.Question-1.4/scripts/score-points5f04.js]
[h5p.org/sites/default/files/h5p/libraries/H5P.Summary-1.10/js/stop-watch320d.js]
[h5p.org/sites/default/files/h5p/libraries/H5P.Summary-1.10/js/xapi-event-builder320d.js]
[h5p.org/sites/default/files/h5p/libraries/H5P.Summary-1.10/js/summary320d.js]
[h5p.org/sites/default/files/h5p/libraries/H5P.MarkTheWords-1.9/scripts/keyboard-nav6734.js]
[h5p.org/sites/default/files/h5p/libraries/H5P.MarkTheWords-1.9/scripts/xAPI-generator6734.js]
[h5p.org/sites/default/files/h5p/libraries/H5P.MarkTheWords-1.9/scripts/word6734.js]
[h5p.org/sites/default/files/h5p/libraries/H5P.MarkTheWords-1.9/scripts/mark-the-words6734.js]
[h5p.org/sites/default/files/h5p/libraries/jQuery.ui-1.10/h5p-jquery-ui3b28.js]
[h5p.org/sites/default/files/h5p/libraries/H5P.DragNDrop-1.1/drag-n-dropd279.js]
[h5p.org/sites/default/files/h5p/libraries/H5P.DragNResize-1.2/H5P.DragNResize578f.js]
[h5p.org/sites/default/files/h5p/libraries/H5P.DragNBar-1.5/scripts/drag-n-bar17c8.js]
[h5p.org/sites/default/files/h5p/libraries/H5P.DragNBar-1.5/scripts/context-menu17c8.js]
[h5p.org/sites/default/files/h5p/libraries/H5P.DragNBar-1.5/scripts/dialog17c8.js]
[h5p.org/sites/default/files/h5p/libraries/H5P.DragNBar-1.5/scripts/drag-n-bar-element17c8.js]
[h5p.org/sites/default/files/h5p/libraries/H5P.DragNBar-1.5/scripts/drag-n-bar-form-manager17c8.js]
[h5p.org/sites/default/files/h5p/libraries/flowplayer-1.0/scripts/flowplayer-3.2.12.min97de.js]
[h5p.org/sites/default/files/h5p/libraries/H5P.Video-1.5/scripts/youtube17c8.js]
[h5p.org/sites/default/files/h5p/libraries/H5P.Video-1.5/scripts/html517c8.js]
[h5p.org/sites/default/files/h5p/libraries/H5P.Video-1.5/scripts/flash17c8.js]
[h5p.org/sites/default/files/h5p/libraries/H5P.Video-1.5/scripts/video17c8.js]
[h5p.org/sites/default/files/h5p/libraries/H5P.InteractiveVideo-1.21/dist/h5p-interactive-videob9a6.js]
[h5p.org/sites/all/modules/h5p_ga/h5p-ga622c.js]
[h5p.org/sites/all/modules/h5p_org/scripts/ga68b3.js]
[h5p.org/sites/all/modules/h5p_org/scripts/h5p-org-try-out-message-embed-popup68b3.js]
[h5p.org/sites/all/modules/h5p_org/scripts/h5p-org-try-out-message-embed77ae.js]
[h5p.org/sites/all/modules/h5p/library/styles/h5p5434.css]
[h5p.org/sites/all/modules/h5p/library/styles/h5p-confirmation-dialog5434.css]
[h5p.org/sites/all/modules/h5p/library/styles/h5p-core-button5434.css]
[h5p.org/sites/default/files/h5p/libraries/FontAwesome-4.5/h5p-font-awesome.min67d0.css]
[h5p.org/sites/default/files/h5p/libraries/Tether-1.0/styles/tether.min20b9.css]
[h5p.org/sites/default/files/h5p/libraries/Drop-1.0/css/drop-theme-arrows-bounce.min20b9.css]
[h5p.org/sites/default/files/h5p/libraries/H5P.FontIcons-1.0/styles/h5p-font-icons0ba6.css]
[h5p.org/sites/default/files/h5p/libraries/H5P.JoubelUI-1.3/css/joubel-help-dialogd36b.css]
[h5p.org/sites/default/files/h5p/libraries/H5P.JoubelUI-1.3/css/joubel-message-dialogd36b.css]
[h5p.org/sites/default/files/h5p/libraries/H5P.JoubelUI-1.3/css/joubel-progress-circled36b.css]
[h5p.org/sites/default/files/h5p/libraries/H5P.JoubelUI-1.3/css/joubel-simple-rounded-buttond36b.css]
[h5p.org/sites/default/files/h5p/libraries/H5P.JoubelUI-1.3/css/joubel-speech-bubbled36b.css]
[h5p.org/sites/default/files/h5p/libraries/H5P.JoubelUI-1.3/css/joubel-tipd36b.css]
[h5p.org/sites/default/files/h5p/libraries/H5P.JoubelUI-1.3/css/joubel-sliderd36b.css]
[h5p.org/sites/default/files/h5p/libraries/H5P.JoubelUI-1.3/css/joubel-score-bard36b.css]
[h5p.org/sites/default/files/h5p/libraries/H5P.JoubelUI-1.3/css/joubel-progressbard36b.css]
[h5p.org/sites/default/files/h5p/libraries/H5P.JoubelUI-1.3/css/joubel-uid36b.css]
[h5p.org/sites/default/files/h5p/libraries/H5P.JoubelUI-1.3/css/joubel-icond36b.css]
[h5p.org/sites/default/files/h5p/libraries/H5P.Question-1.4/styles/question5f04.css]
[h5p.org/sites/default/files/h5p/libraries/H5P.Question-1.4/styles/explainer5f04.css]
[h5p.org/sites/default/files/h5p/libraries/H5P.Summary-1.10/css/summary320d.css]
[h5p.org/sites/default/files/h5p/libraries/H5P.MarkTheWords-1.9/styles/mark-the-words6734.css]
[h5p.org/sites/default/files/h5p/libraries/jQuery.ui-1.10/h5p-jquery-ui3b28.css]
[h5p.org/sites/default/files/h5p/libraries/H5P.DragNResize-1.2/H5P.DragNResize578f.css]
[h5p.org/sites/default/files/h5p/libraries/H5P.DragNBar-1.5/styles/drag-n-bar17c8.css]
[h5p.org/sites/default/files/h5p/libraries/H5P.DragNBar-1.5/styles/dialog17c8.css]
[h5p.org/sites/default/files/h5p/libraries/H5P.DragNBar-1.5/styles/context-menu17c8.css]
[h5p.org/sites/default/files/h5p/libraries/H5P.DragNBar-1.5/styles/drag-n-bar-form-manager17c8.css]
[h5p.org/sites/default/files/h5p/libraries/H5P.Video-1.5/styles/video17c8.css]
[h5p.org/sites/default/files/h5p/libraries/H5P.InteractiveVideo-1.21/dist/h5p-interactive-videob9a6.css]
[h5p.org/h5p/embed/868240.html]
[h5p.org/sites/all/modules/h5p_org/styles/h5p-org-embed-try-out-message68b3.css]
[h5p.org/sites/all/modules/h5p/library/images/throbber1576.gif]
[h5p.org/sites/all/modules/h5p/library/styles/h5p5434.css]
[h5p.org/sites/all/modules/h5p/library/styles/h5p-confirmation-dialog5434.css]
[h5p.org/sites/all/modules/h5p/library/styles/h5p-core-button5434.css]
[h5p.org/sites/default/files/h5p/libraries/FontAwesome-4.5/fontawesome-webfont3295.eot]
[h5p.org/sites/default/files/h5p/libraries/FontAwesome-4.5/fontawesome-webfontd41d.eot]
[h5p.org/sites/default/files/h5p/libraries/FontAwesome-4.5/fontawesome-webfont3295.woff2]
[h5p.org/sites/default/files/h5p/libraries/FontAwesome-4.5/fontawesome-webfont3295.woff]
[h5p.org/sites/default/files/h5p/libraries/FontAwesome-4.5/fontawesome-webfont3295.ttf]
[h5p.org/sites/default/files/h5p/libraries/FontAwesome-4.5/h5p-font-awesome.min67d0.css]
[h5p.org/sites/default/files/h5p/libraries/Tether-1.0/styles/tether.min20b9.css]
[h5p.org/sites/default/files/h5p/libraries/Drop-1.0/css/drop-theme-arrows-bounce.min20b9.css]
[h5p.org/sites/default/files/h5p/libraries/H5P.FontIcons-1.0/styles/h5p-font-icons0ba6.css]
[h5p.org/sites/default/files/h5p/libraries/H5P.JoubelUI-1.3/css/joubel-help-dialogd36b.css]
[h5p.org/sites/default/files/h5p/libraries/H5P.JoubelUI-1.3/css/joubel-message-dialogd36b.css]
[h5p.org/sites/default/files/h5p/libraries/H5P.JoubelUI-1.3/css/joubel-progress-circled36b.css]
[h5p.org/sites/default/files/h5p/libraries/H5P.JoubelUI-1.3/css/joubel-simple-rounded-buttond36b.css]
[h5p.org/sites/default/files/h5p/libraries/H5P.JoubelUI-1.3/css/joubel-speech-bubbled36b.css]
[h5p.org/sites/default/files/h5p/libraries/H5P.JoubelUI-1.3/css/joubel-tipd36b.css]
[h5p.org/sites/default/files/h5p/libraries/H5P.JoubelUI-1.3/css/joubel-sliderd36b.css]
[h5p.org/sites/default/files/h5p/libraries/H5P.JoubelUI-1.3/css/joubel-score-bard36b.css]
[h5p.org/sites/default/files/h5p/libraries/H5P.JoubelUI-1.3/css/joubel-progressbard36b.css]
[h5p.org/sites/default/files/h5p/libraries/H5P.JoubelUI-1.3/css/joubel-uid36b.css]
[h5p.org/sites/default/files/h5p/libraries/H5P.JoubelUI-1.3/css/joubel-icond36b.css]
[h5p.org/sites/default/files/h5p/libraries/H5P.Question-1.4/styles/question5f04.css]
[h5p.org/sites/default/files/h5p/libraries/H5P.Question-1.4/styles/explainer5f04.css]
[h5p.org/sites/default/files/h5p/libraries/H5P.Summary-1.10/css/summary320d.css]
[h5p.org/sites/default/files/h5p/libraries/H5P.MarkTheWords-1.9/styles/mark-the-words6734.css]
[h5p.org/sites/default/files/h5p/libraries/FontAwesome-4.5/fontawesome-webfont3295.svg]
[h5p.org/sites/default/files/h5p/libraries/jQuery.ui-1.10/images/animated-overlay.gif]
[h5p.org/sites/default/files/h5p/libraries/jQuery.ui-1.10/images/ui-bg_flat_75_ffffff_40x100.png]
[h5p.org/sites/default/files/h5p/libraries/jQuery.ui-1.10/images/ui-bg_highlight-soft_75_cccccc_1x100.png]
[h5p.org/sites/default/files/h5p/libraries/jQuery.ui-1.10/images/ui-bg_glass_75_e6e6e6_1x400.png]
[h5p.org/sites/default/files/h5p/libraries/jQuery.ui-1.10/images/ui-bg_glass_75_dadada_1x400.png]
[h5p.org/sites/default/files/h5p/libraries/jQuery.ui-1.10/images/ui-bg_glass_65_ffffff_1x400.png]
[h5p.org/sites/default/files/h5p/libraries/jQuery.ui-1.10/images/ui-bg_glass_55_fbf9ee_1x400.png]
[h5p.org/sites/default/files/h5p/libraries/jQuery.ui-1.10/images/ui-bg_glass_95_fef1ec_1x400.png]
[h5p.org/sites/default/files/h5p/libraries/jQuery.ui-1.10/images/ui-icons_222222_256x240.png]
[h5p.org/sites/default/files/h5p/libraries/jQuery.ui-1.10/images/ui-icons_888888_256x240.png]
[h5p.org/sites/default/files/h5p/libraries/jQuery.ui-1.10/images/ui-icons_454545_256x240.png]
[h5p.org/sites/default/files/h5p/libraries/jQuery.ui-1.10/images/ui-icons_2e83ff_256x240.png]
[h5p.org/sites/default/files/h5p/libraries/jQuery.ui-1.10/images/ui-icons_cd0a0a_256x240.png]
[h5p.org/sites/default/files/h5p/libraries/jQuery.ui-1.10/images/ui-bg_flat_0_aaaaaa_40x100.png]
[h5p.org/sites/default/files/h5p/libraries/jQuery.ui-1.10/h5p-jquery-ui3b28.css]
[h5p.org/sites/default/files/h5p/libraries/H5P.DragNResize-1.2/H5P.DragNResize578f.css]
[h5p.org/sites/default/files/h5p/libraries/H5P.DragNBar-1.5/styles/drag-n-bar17c8.css]
[h5p.org/sites/default/files/h5p/libraries/H5P.DragNBar-1.5/styles/dialog17c8.css]
[h5p.org/sites/default/files/h5p/libraries/H5P.DragNBar-1.5/styles/context-menu17c8.css]
[h5p.org/sites/default/files/h5p/libraries/H5P.DragNBar-1.5/styles/drag-n-bar-form-manager17c8.css]
[h5p.org/sites/default/files/h5p/libraries/H5P.Video-1.5/styles/video17c8.css]
[h5p.org/sites/default/files/h5p/libraries/H5P.InteractiveVideo-1.21/dist/fonts/H5PInteractiveVideo.eot]
[h5p.org/sites/default/files/h5p/libraries/H5P.InteractiveVideo-1.21/dist/fonts/H5PInteractiveVideod41d.eot]
[h5p.org/sites/default/files/h5p/libraries/H5P.InteractiveVideo-1.21/dist/fonts/H5PInteractiveVideo.woff]
[h5p.org/sites/default/files/h5p/libraries/H5P.InteractiveVideo-1.21/dist/fonts/H5PInteractiveVideo.ttf]
[h5p.org/sites/default/files/h5p/libraries/H5P.InteractiveVideo-1.21/dist/fonts/H5PInteractiveVideo.svg]
[h5p.org/sites/default/files/h5p/libraries/H5P.InteractiveVideo-1.21/dist/fonts/h5p.eot]
[h5p.org/sites/default/files/h5p/libraries/H5P.InteractiveVideo-1.21/dist/fonts/h5pd41d.eot]
[h5p.org/sites/default/files/h5p/libraries/H5P.InteractiveVideo-1.21/dist/fonts/h5p.ttf]
[h5p.org/sites/default/files/h5p/libraries/H5P.InteractiveVideo-1.21/dist/fonts/h5p.woff]
[h5p.org/sites/default/files/h5p/libraries/H5P.InteractiveVideo-1.21/dist/h5p-interactive-videob9a6.css]
[h5p.org/sites/all/modules/h5p_org/styles/h5p-org-embed-try-out-message68b3.css]
[h5p.org/sites/default/files/h5p/libraries/FontAwesome-4.5/fontawesome-webfont3295.svg]
[h5p.org/sites/default/files/h5p/libraries/H5P.InteractiveVideo-1.21/dist/fonts/H5PInteractiveVideo.svg]
[h5p.org/sites/default/files/h5p/libraries/H5P.InteractiveVideo-1.21/dist/fonts/h5p.svg]
[h5p.org/sites/default/files/h5p/libraries/H5P.InteractiveVideo-1.21/dist/fonts/h5p.svg]
